

<!DOCTYPE html>
<html>
<head>
<meta charset="UTF-8">
<meta name="viewport" content="width=device-width, initial-scale=1, shrink-to-fit=no">
<title></title>
<link rel="apple-touch-icon" href="https://cdn.jsdelivr.net/gh/extent-framework/extent-github-cdn@b00a2d0486596e73dd7326beacf352c639623a0e/commons/img/logo.png">
<link rel="shortcut icon" href="https://cdn.jsdelivr.net/gh/extent-framework/extent-github-cdn@b00a2d0486596e73dd7326beacf352c639623a0e/commons/img/logo.png">
<link href="https://cdn.jsdelivr.net/gh/extent-framework/extent-github-cdn@d6562a79075e061305ccfdb82f01e5e195e2d307/spark/css/spark-style.css" rel="stylesheet" />
<link href="https://stackpath.bootstrapcdn.com/font-awesome/4.7.0/css/font-awesome.min.css" rel="stylesheet">
<script src="https://cdn.jsdelivr.net/gh/extent-framework/extent-github-cdn@7cc78ce/spark/js/jsontree.js"></script>
<style type="text/css"></style></head><body class="spa bdd-report standard">
  <div class="app">
    <div class="layout">
<div class="header navbar">
<div class="vheader">
<div class="nav-logo">
<a href="#">
<div class="logo" style="background-image: url('https://cdn.jsdelivr.net/gh/extent-framework/extent-github-cdn@b00a2d0486596e73dd7326beacf352c639623a0e/commons/img/logo.png')"></div>
</a>
</div>
<ul class="nav-left">
<li class="search-box">
<a class="search-toggle" href="#">
<i class="search-icon fa fa-search"></i>
<i class="search-icon-close fa fa-close"></i>
</a>
</li>
<li class="search-input"><input id="search-tests" class="form-control" type="text" placeholder="Search..."></li>
</ul>
<ul class="nav-right">
<li class="m-r-10">
<a href="#"><span class="badge badge-primary"></span></a>
</li>
<li class="m-r-10">
<a href="#"><span class="badge badge-primary">Aug 22, 2025 05:54:08 PM</span></a>
</li>
</ul>
</div>
</div><div class="side-nav">
<div class="side-nav-inner">
<ul class="side-nav-menu">
<li class="nav-item dropdown" onclick="toggleView('test-view')">
<a id="nav-test" class="dropdown-toggle" href="#">
<span class="ico"><i class="fa fa-list"></i></span>
</a>
</li>
<li class="nav-item dropdown" onclick="toggleView('exception-view')">
<a id="nav-exception" class="dropdown-toggle" href="#">
<span class="ico"><i class="fa fa-bug"></i></span>
</a>
</li>
<li class="nav-item dropdown" onclick="toggleView('category-view')">
<a id="nav-category" class="dropdown-toggle" href="#">
<span class="ico"><i class="fa fa-tag"></i></span>
</a>
</li>
<li class="nav-item dropdown" onclick="toggleView('dashboard-view')">
<a id="nav-dashboard" class="dropdown-toggle" href="#">
<span class="ico"><i class="fa fa-bar-chart"></i></span>
</a>
</li>
</ul>
</div>
</div>      <div class="vcontainer">
        <div class="main-content">
<div class="test-wrapper row view test-view">
  <div class="test-list">
    <div class="test-list-tools">
<ul class="tools pull-left">
<li><a href="#"><span class="font-size-14">Tests</span></a></li>
</ul>
<ul class="tools text-right">
<li class="dropdown">
<a href="#" class="dropdown-toggle" data-toggle="dropdown"><i class="fa fa-exclamation-circle"></i></a>
<ul id="status-toggle" class="dropdown-menu dropdown-md p-v-0">
<a class="dropdown-item" status="fail" href="#"><span>Fail</span><span class="status danger"></span></a>
<div class="dropdown-divider"></div>
<a status="clear" class="dropdown-item" href="#"><span>Clear</span><span class="pull-right"><i class="fa fa-close"></i></span></a>
</ul>
</li>
<li class="dropdown">
<a href="#" class="dropdown-toggle" data-toggle="dropdown"><i class="fa fa-tag"></i></a>
<ul id="tag-toggle" class="dropdown-menu dropdown-md p-v-0">
<a class="dropdown-item" href="#">@smoke</a><a class="dropdown-item" href="#">@regression</a>
</ul>
</li>
</ul>
</div>    <div class="test-list-wrapper scrollable">
      <ul class="test-list-item">
        <li class="test-item"  status="fail" test-id="1"
          author=""
          tag=""
          device="">
          <div class="test-detail">
            <p class="name">LED Campaign Creation</p>
            <p class="text-sm">
              <span>5:54:19 PM</span> / <span>00:05:03:241</span>
              <span class="badge fail-bg log float-right">Fail</span>
            </p>
          </div>
          <div class="test-contents d-none">
<div class="detail-head">
<div class="p-v-10">
<div class="info">
<h5 class="test-status text-fail">LED Campaign Creation</h5>
<span class='badge badge-success'>08.22.2025 5:54:19 PM</span>
<span class='badge badge-danger'>08.22.2025 5:59:22 PM</span>
<span class='badge badge-default'>00:05:03:241</span>
&middot; <span class='uri-anchor badge badge-default'>#test-id=1</span>
<span class='badge badge-default pointer float-right ml-1 et'><i class="fa fa-chevron-down"></i></span>
<span class='badge badge-default pointer float-right ct'><i class="fa fa-chevron-up"></i></span>
</div>
<div class="m-t-10 m-l-5"></div>
</div>
</div>
<div class="accordion mt-4">
  <div class="card">
    <div class="card-header" role="tab">
      <div class="card-title">
        <div class="node" id="2"><span class="badge log fail-bg mr-2">Fail</span>Select Apollo Digital Signage app</div>
      </div>
    </div>
        <div class="">
          <div class="card-body">
              <div class="step pass-bg" title="stepDefinitions.LedCampaignsteps.i_am_on_the_ads_login_page()">
                <span>Given I am on the Ads login page</span>
      <div>
      </div>
              </div>
              <div class="step pass-bg" title="stepDefinitions.LedCampaignsteps.i_login_with_valid_credentials()">
                <span>When I login with valid credentials</span>
      <div>
      </div>
              </div>
              <div class="step pass-bg" title="stepDefinitions.LedCampaignsteps.verify_the_page_title()">
                <span>Then verify the page title</span>
      <div>
      </div>
              </div>
              <div class="step pass-bg" title="stepDefinitions.LedCampaignsteps.i_select_the_apollo_digital_signage_app()">
                <span>When I select the Apollo Digital Signage app</span>
      <div>
      </div>
              </div>
              <div class="step pass-bg" title="stepDefinitions.LedCampaignsteps.the_dashboard_title_should_be_verified()">
                <span>Then the dashboard title should be verified</span>
      <div>
      </div>
              </div>
              <div class="step fail-bg" title="AFTER">
                <span>stepDefinitions.LedCampaignsteps.assertAllSoftly()</span>
      <div>
        <textarea disabled class="code-block">java.lang.AssertionError: The following asserts failed:
	App Selection page title mismatch. expected [App Selection || ads Application] but found [Login || ads Application],
	Dashboard title mismatch after app selection. expected [Dashboard || ads Application] but found [App Selection || ads Application]
	at org.testng.asserts.SoftAssert.assertAll(SoftAssert.java:46)
	at org.testng.asserts.SoftAssert.assertAll(SoftAssert.java:30)
	at stepDefinitions.LedCampaignsteps.assertAllSoftly(LedCampaignsteps.java:30)
</textarea>
      
      </div>
              </div>
          </div>
        </div>
  </div>
  <div class="card">
    <div class="card-header" role="tab">
      <div class="card-title">
        <div class="node" id="15"><span class="badge log fail-bg mr-2">Fail</span>Navigate to the LED Campaign page</div>
          <div class="status-avatar float-right mr-4">
            <i class="fa fa-paperclip"></i>
          </div>
      </div>
    </div>
        <div class="">
          <div class="card-body">
              <div class="step pass-bg" title="stepDefinitions.LedCampaignsteps.i_am_on_the_ads_login_page()">
                <span>Given I am on the Ads login page</span>
      <div>
      </div>
              </div>
              <div class="step pass-bg" title="stepDefinitions.LedCampaignsteps.i_login_with_valid_credentials()">
                <span>When I login with valid credentials</span>
      <div>
      </div>
              </div>
              <div class="step pass-bg" title="stepDefinitions.LedCampaignsteps.verify_the_page_title()">
                <span>Then verify the page title</span>
      <div>
      </div>
              </div>
              <div class="step fail-bg" title="stepDefinitions.LedCampaignsteps.i_select_the_apollo_digital_signage_app()">
                <span>When I select the Apollo Digital Signage app</span>
      <div>
        <textarea disabled class="code-block">org.openqa.selenium.TimeoutException: Expected condition failed: waiting for visibility of Proxy element for: DefaultElementLocator 'By.xpath: (//strong[normalize-space()='Apollo Digital Signage'])[1]' (tried for 60 second(s) with 500 milliseconds interval)
	at org.openqa.selenium.support.ui.WebDriverWait.timeoutException(WebDriverWait.java:84)
	at org.openqa.selenium.support.ui.FluentWait.until(FluentWait.java:228)
	at utils.Webdriverwaitutils.waitForVisibility(Webdriverwaitutils.java:22)
	at pageobjects.AdsAppselecctionpage.appselection(AdsAppselecctionpage.java:28)
	at stepDefinitions.LedCampaignsteps.i_select_the_apollo_digital_signage_app(LedCampaignsteps.java:56)
	at ✽.I select the Apollo Digital Signage app(file:///E:/projects/raj-projects/apollo-Ads/src/test/java/features/Ledcampaigns.feature:14)
Caused by: org.openqa.selenium.NoSuchElementException: Unable to locate element: (//strong[normalize-space()='Apollo Digital Signage'])[1]
For documentation on this error, please visit: https://www.selenium.dev/documentation/webdriver/troubleshooting/errors#no-such-element-exception
Build info: version: '4.27.0', revision: 'd6e718d134'
System info: os.name: 'Windows 11', os.arch: 'amd64', os.version: '10.0', java.version: '21.0.8'
Driver info: org.openqa.selenium.firefox.FirefoxDriver
Command: [73402041-767f-460c-a969-cd86b5b12dd4, findElement {using=xpath, value=(//strong[normalize-space()='Apollo Digital Signage'])[1]}]
Capabilities {acceptInsecureCerts: true, browserName: firefox, browserVersion: 142.0, moz:accessibilityChecks: false, moz:buildID: 20250811145442, moz:geckodriverVersion: 0.36.0, moz:headless: false, moz:platformVersion: 10.0, moz:processID: 4488, moz:profile: C:\Users\HP\AppData\Local\T..., moz:shutdownTimeout: 60000, moz:webdriverClick: true, moz:windowless: false, pageLoadStrategy: normal, platformName: windows, proxy: Proxy(), setWindowRect: true, strictFileInteractability: false, timeouts: {implicit: 0, pageLoad: 300000, script: 30000}, unhandledPromptBehavior: dismiss and notify, userAgent: Mozilla/5.0 (Windows NT 10....}
Session ID: 73402041-767f-460c-a969-cd86b5b12dd4
	at java.base/jdk.internal.reflect.DirectConstructorHandleAccessor.newInstance(DirectConstructorHandleAccessor.java:62)
	at java.base/java.lang.reflect.Constructor.newInstanceWithCaller(Constructor.java:502)
	at java.base/java.lang.reflect.Constructor.newInstance(Constructor.java:486)
	at org.openqa.selenium.remote.ErrorCodec.decode(ErrorCodec.java:167)
	at org.openqa.selenium.remote.codec.w3c.W3CHttpResponseCodec.decode(W3CHttpResponseCodec.java:138)
	at org.openqa.selenium.remote.codec.w3c.W3CHttpResponseCodec.decode(W3CHttpResponseCodec.java:50)
	at org.openqa.selenium.remote.HttpCommandExecutor.execute(HttpCommandExecutor.java:190)
	at org.openqa.selenium.remote.service.DriverCommandExecutor.invokeExecute(DriverCommandExecutor.java:216)
	at org.openqa.selenium.remote.service.DriverCommandExecutor.execute(DriverCommandExecutor.java:174)
	at org.openqa.selenium.remote.RemoteWebDriver.execute(RemoteWebDriver.java:545)
	at org.openqa.selenium.remote.ElementLocation$ElementFinder$2.findElement(ElementLocation.java:165)
	at org.openqa.selenium.remote.ElementLocation.findElement(ElementLocation.java:59)
	at org.openqa.selenium.remote.RemoteWebDriver.findElement(RemoteWebDriver.java:368)
	at org.openqa.selenium.remote.RemoteWebDriver.findElement(RemoteWebDriver.java:362)
	at org.openqa.selenium.support.pagefactory.DefaultElementLocator.findElement(DefaultElementLocator.java:68)
	at org.openqa.selenium.support.pagefactory.internal.LocatingElementHandler.invoke(LocatingElementHandler.java:38)
	at jdk.proxy2/jdk.proxy2.$Proxy29.isDisplayed(Unknown Source)
	at org.openqa.selenium.support.ui.ExpectedConditions.elementIfVisible(ExpectedConditions.java:304)
	at org.openqa.selenium.support.ui.ExpectedConditions$10.apply(ExpectedConditions.java:290)
	at org.openqa.selenium.support.ui.ExpectedConditions$10.apply(ExpectedConditions.java:287)
	at org.openqa.selenium.support.ui.FluentWait.until(FluentWait.java:203)
	... 4 more
</textarea>
      
      </div>
              </div>
              <div class="step pass-bg" title="AFTER_STEP">
                <span>hooks.AdsBaseClass.afterStep(io.cucumber.java.Scenario)</span>
      <div>Failed Step Screenshot
          <div class="row mb-3"><div class="col-md-3">
<img data-featherlight='./screenshots/embedded1.png' src="./screenshots/embedded1.png">
    
    </div></div>
</div>
      <div>
      </div>
              </div>
              <div class="step skip-bg" title="stepDefinitions.LedCampaignsteps.i_navigate_to_the_led_campaign_page()">
                <span>And I navigate to the LED Campaign page</span>
      <div>Step skipped
      </div>
              </div>
              <div class="step skip-bg" title="stepDefinitions.LedCampaignsteps.the_led_campaign_page_title_should_be_verified()">
                <span>Then the LED Campaign page title should be verified</span>
      <div>Step skipped
      </div>
              </div>
              <div class="step fail-bg" title="AFTER">
                <span>stepDefinitions.LedCampaignsteps.assertAllSoftly()</span>
      <div>
        <textarea disabled class="code-block">java.lang.AssertionError: The following asserts failed:
	App Selection page title mismatch. expected [App Selection || ads Application] but found [Dashboard || ads Application]
	at org.testng.asserts.SoftAssert.assertAll(SoftAssert.java:46)
	at org.testng.asserts.SoftAssert.assertAll(SoftAssert.java:30)
	at stepDefinitions.LedCampaignsteps.assertAllSoftly(LedCampaignsteps.java:30)
</textarea>
      
      </div>
              </div>
          </div>
        </div>
  </div>
  <div class="card">
    <div class="card-header" role="tab">
      <div class="card-title">
        <div class="node" id="30"><span class="badge log fail-bg mr-2">Fail</span>Login and select Apollo Digital Signage app</div>
          <div class="status-avatar float-right mr-4">
            <i class="fa fa-paperclip"></i>
          </div>
      </div>
    </div>
        <div class="">
          <div class="card-body">
              <div class="step pass-bg" title="stepDefinitions.LedCampaignsteps.i_am_on_the_ads_login_page()">
                <span>Given I am on the Ads login page</span>
      <div>
      </div>
              </div>
              <div class="step pass-bg" title="stepDefinitions.LedCampaignsteps.i_login_with_valid_credentials()">
                <span>When I login with valid credentials</span>
      <div>
      </div>
              </div>
              <div class="step pass-bg" title="stepDefinitions.LedCampaignsteps.verify_the_page_title()">
                <span>Then verify the page title</span>
      <div>
      </div>
              </div>
              <div class="step fail-bg" title="stepDefinitions.LedCampaignsteps.i_select_the_apollo_digital_signage_app()">
                <span>When I select the Apollo Digital Signage app</span>
      <div>
        <textarea disabled class="code-block">org.openqa.selenium.TimeoutException: Expected condition failed: waiting for visibility of Proxy element for: DefaultElementLocator 'By.xpath: (//strong[normalize-space()='Apollo Digital Signage'])[1]' (tried for 60 second(s) with 500 milliseconds interval)
	at org.openqa.selenium.support.ui.WebDriverWait.timeoutException(WebDriverWait.java:84)
	at org.openqa.selenium.support.ui.FluentWait.until(FluentWait.java:228)
	at utils.Webdriverwaitutils.waitForVisibility(Webdriverwaitutils.java:22)
	at pageobjects.AdsAppselecctionpage.appselection(AdsAppselecctionpage.java:28)
	at stepDefinitions.LedCampaignsteps.i_select_the_apollo_digital_signage_app(LedCampaignsteps.java:56)
	at ✽.I select the Apollo Digital Signage app(file:///E:/projects/raj-projects/apollo-Ads/src/test/java/features/campaigncreaton.feature:8)
Caused by: org.openqa.selenium.NoSuchElementException: Unable to locate element: (//strong[normalize-space()='Apollo Digital Signage'])[1]
For documentation on this error, please visit: https://www.selenium.dev/documentation/webdriver/troubleshooting/errors#no-such-element-exception
Build info: version: '4.27.0', revision: 'd6e718d134'
System info: os.name: 'Windows 11', os.arch: 'amd64', os.version: '10.0', java.version: '21.0.8'
Driver info: org.openqa.selenium.firefox.FirefoxDriver
Command: [73402041-767f-460c-a969-cd86b5b12dd4, findElement {using=xpath, value=(//strong[normalize-space()='Apollo Digital Signage'])[1]}]
Capabilities {acceptInsecureCerts: true, browserName: firefox, browserVersion: 142.0, moz:accessibilityChecks: false, moz:buildID: 20250811145442, moz:geckodriverVersion: 0.36.0, moz:headless: false, moz:platformVersion: 10.0, moz:processID: 4488, moz:profile: C:\Users\HP\AppData\Local\T..., moz:shutdownTimeout: 60000, moz:webdriverClick: true, moz:windowless: false, pageLoadStrategy: normal, platformName: windows, proxy: Proxy(), setWindowRect: true, strictFileInteractability: false, timeouts: {implicit: 0, pageLoad: 300000, script: 30000}, unhandledPromptBehavior: dismiss and notify, userAgent: Mozilla/5.0 (Windows NT 10....}
Session ID: 73402041-767f-460c-a969-cd86b5b12dd4
	at java.base/jdk.internal.reflect.DirectConstructorHandleAccessor.newInstance(DirectConstructorHandleAccessor.java:62)
	at java.base/java.lang.reflect.Constructor.newInstanceWithCaller(Constructor.java:502)
	at java.base/java.lang.reflect.Constructor.newInstance(Constructor.java:486)
	at org.openqa.selenium.remote.ErrorCodec.decode(ErrorCodec.java:167)
	at org.openqa.selenium.remote.codec.w3c.W3CHttpResponseCodec.decode(W3CHttpResponseCodec.java:138)
	at org.openqa.selenium.remote.codec.w3c.W3CHttpResponseCodec.decode(W3CHttpResponseCodec.java:50)
	at org.openqa.selenium.remote.HttpCommandExecutor.execute(HttpCommandExecutor.java:190)
	at org.openqa.selenium.remote.service.DriverCommandExecutor.invokeExecute(DriverCommandExecutor.java:216)
	at org.openqa.selenium.remote.service.DriverCommandExecutor.execute(DriverCommandExecutor.java:174)
	at org.openqa.selenium.remote.RemoteWebDriver.execute(RemoteWebDriver.java:545)
	at org.openqa.selenium.remote.ElementLocation$ElementFinder$2.findElement(ElementLocation.java:165)
	at org.openqa.selenium.remote.ElementLocation.findElement(ElementLocation.java:59)
	at org.openqa.selenium.remote.RemoteWebDriver.findElement(RemoteWebDriver.java:368)
	at org.openqa.selenium.remote.RemoteWebDriver.findElement(RemoteWebDriver.java:362)
	at org.openqa.selenium.support.pagefactory.DefaultElementLocator.findElement(DefaultElementLocator.java:68)
	at org.openqa.selenium.support.pagefactory.internal.LocatingElementHandler.invoke(LocatingElementHandler.java:38)
	at jdk.proxy2/jdk.proxy2.$Proxy29.isDisplayed(Unknown Source)
	at org.openqa.selenium.support.ui.ExpectedConditions.elementIfVisible(ExpectedConditions.java:304)
	at org.openqa.selenium.support.ui.ExpectedConditions$10.apply(ExpectedConditions.java:290)
	at org.openqa.selenium.support.ui.ExpectedConditions$10.apply(ExpectedConditions.java:287)
	at org.openqa.selenium.support.ui.FluentWait.until(FluentWait.java:203)
	... 4 more
</textarea>
      
      </div>
              </div>
              <div class="step pass-bg" title="AFTER_STEP">
                <span>hooks.AdsBaseClass.afterStep(io.cucumber.java.Scenario)</span>
      <div>Failed Step Screenshot
          <div class="row mb-3"><div class="col-md-3">
<img data-featherlight='./screenshots/embedded2.png' src="./screenshots/embedded2.png">
    
    </div></div>
</div>
      <div>
      </div>
              </div>
              <div class="step skip-bg" title="stepDefinitions.LedCampaignsteps.the_dashboard_title_should_be_verified()">
                <span>Then the dashboard title should be verified</span>
      <div>Step skipped
      </div>
              </div>
              <div class="step fail-bg" title="AFTER">
                <span>stepDefinitions.LedCampaignsteps.assertAllSoftly()</span>
      <div>
        <textarea disabled class="code-block">java.lang.AssertionError: The following asserts failed:
	App Selection page title mismatch. expected [App Selection || ads Application] but found [Dashboard || ads Application]
	at org.testng.asserts.SoftAssert.assertAll(SoftAssert.java:46)
	at org.testng.asserts.SoftAssert.assertAll(SoftAssert.java:30)
	at stepDefinitions.LedCampaignsteps.assertAllSoftly(LedCampaignsteps.java:30)
</textarea>
      
      </div>
              </div>
          </div>
        </div>
  </div>
  <div class="card">
    <div class="card-header" role="tab">
      <div class="card-title">
        <div class="node" id="43"><span class="badge log fail-bg mr-2">Fail</span>Navigate to the LED Campaign page</div>
      </div>
    </div>
        <div class="">
          <div class="card-body">
              <div class="step pass-bg" title="stepDefinitions.LedCampaignsteps.i_navigate_to_the_led_campaign_page()">
                <span>When I navigate to the LED Campaign page</span>
      <div>
      </div>
              </div>
              <div class="step pass-bg" title="stepDefinitions.LedCampaignsteps.the_led_campaign_page_title_should_be_verified()">
                <span>Then the LED Campaign page title should be verified</span>
      <div>
      </div>
              </div>
              <div class="step fail-bg" title="AFTER">
                <span>stepDefinitions.LedCampaignsteps.assertAllSoftly()</span>
      <div>
        <textarea disabled class="code-block">java.lang.AssertionError: The following asserts failed:
	LED Campaigns page title mismatch after navigation. expected [LED Campaigns || ads Application] but found [Dashboard || ads Application]
	at org.testng.asserts.SoftAssert.assertAll(SoftAssert.java:46)
	at org.testng.asserts.SoftAssert.assertAll(SoftAssert.java:30)
	at stepDefinitions.LedCampaignsteps.assertAllSoftly(LedCampaignsteps.java:30)
</textarea>
      
      </div>
              </div>
          </div>
        </div>
  </div>
  <div class="card">
    <div class="card-header" role="tab">
      <div class="card-title">
        <div class="node" id="50"><span class="badge log fail-bg mr-2">Fail</span>Create campaigns from Excel and verify count</div>
          <div class="status-avatar float-right mr-4">
            <i class="fa fa-paperclip"></i>
          </div>
      </div>
    </div>
        <div class="">
          <div class="card-body">
              <div class="step pass-bg" title="stepDefinitions.CreateCampaignSteps.i_open_the_ads_app_and_land_on_led_campaigns_page()">
                <span>Given I open the Ads app and land on the LED Campaigns page</span>
      <div>
      </div>
              </div>
              <div class="step pass-bg" title="stepDefinitions.CreateCampaignSteps.i_note_current_total_campaign_count_and_pages()">
                <span>And I note current total campaign count and pages</span>
      <div>
      </div>
              </div>
              <div class="step pass-bg" title="stepDefinitions.CreateCampaignSteps.i_create_led_campaigns_from_basic_excel()">
                <span>When I create LED campaigns from basic excel</span>
      <div>
      </div>
              </div>
              <div class="step pass-bg" title="stepDefinitions.CreateCampaignSteps.i_apply_led_styles_from_led_excel()">
                <span>And I apply LED styles from led excel</span>
      <div>
      </div>
              </div>
              <div class="step fail-bg" title="stepDefinitions.CreateCampaignSteps.each_campaign_run_should_be_successful()">
                <span>Then each campaign run should be successful</span>
      <div>
        <textarea disabled class="code-block">java.lang.AssertionError: One or more campaign/style submissions failed. See console logs.
	at org.testng.Assert.fail(Assert.java:111)
	at stepDefinitions.CreateCampaignSteps.each_campaign_run_should_be_successful(CreateCampaignSteps.java:128)
	at ✽.each campaign run should be successful(file:///E:/projects/raj-projects/apollo-Ads/src/test/java/features/campaigncreaton.feature:23)
</textarea>
      
      </div>
              </div>
              <div class="step pass-bg" title="AFTER_STEP">
                <span>hooks.AdsBaseClass.afterStep(io.cucumber.java.Scenario)</span>
      <div>Failed Step Screenshot
          <div class="row mb-3"><div class="col-md-3">
<img data-featherlight='./screenshots/embedded3.png' src="./screenshots/embedded3.png">
    
    </div></div>
</div>
      <div>
      </div>
              </div>
              <div class="step skip-bg" title="stepDefinitions.CreateCampaignSteps.the_total_campaign_count_should_increase()">
                <span>And the total campaign count should increase</span>
      <div>Step skipped
      </div>
              </div>
          </div>
        </div>
  </div>
</div>
          </div>
        </li>
      </ul>
    </div>
  </div>
<div class="test-content scrollable">
<div class="test-content-tools">
<ul><li><a class="back-to-test" href="#"><i class="fa fa-arrow-left"></i></a></li></ul>
</div>
<div class="test-content-detail"><div class="detail-body"></div></div>
</div></div>
<div class="test-wrapper row view exception-view attributes-view">
<div class="test-list">
<div class="test-list-tools">
<ul class="tools pull-left"><li><a href=""><span class="font-size-14">Exception</span></a></li></ul>
<ul class="tools text-right"><li><a href="#"><span class="badge badge-primary">2</span></a></li></ul>
</div>
<div class="test-list-wrapper scrollable">
<ul class="test-list-item">
<li class="test-item">
<div class="test-detail">
<span class="meta">
<span class='badge log badge-danger'>5</span>
</span>
<p class="name">java.lang.AssertionError</p>
<p class="duration text-sm">5 tests</p>
</div>
<div class="test-contents d-none">
<div class="info">
<h4>java.lang.AssertionError</h4>
<span status="fail" class='badge log badge-danger'>5 failed</span>
</div>
<table class='table table-sm mt-4'>
<thead>
<tr>
<th class="status-col">Status</th>
<th class="timestamp-col">Timestamp</th>
<th>TestName</th>
</tr>
</thead>
<tbody>
<tr class="tag-test-status" status="fail">
<td><span class="badge log fail-bg">Fail</span></td>
<td>17:54:51 PM</td>
<td>
<a href="#" class="linked" test-id='1' id='14'>stepDefinitions.LedCampaignsteps.assertAllSoftly()</a>
<div class="">
<span class="badge badge-default">LED Campaign Creation.Select Apollo Digital Signage app.stepDefinitions.LedCampaignsteps.assertAllSoftly()</span>
</div>
</td>
</tr>
<tr class="tag-test-status" status="fail">
<td><span class="badge log fail-bg">Fail</span></td>
<td>17:57:01 PM</td>
<td>
<a href="#" class="linked" test-id='1' id='29'>stepDefinitions.LedCampaignsteps.assertAllSoftly()</a>
<div class="">
<span class="badge badge-default">LED Campaign Creation.Navigate to the LED Campaign page.stepDefinitions.LedCampaignsteps.assertAllSoftly()</span>
</div>
</td>
</tr>
<tr class="tag-test-status" status="fail">
<td><span class="badge log fail-bg">Fail</span></td>
<td>17:59:12 PM</td>
<td>
<a href="#" class="linked" test-id='1' id='42'>stepDefinitions.LedCampaignsteps.assertAllSoftly()</a>
<div class="">
<span class="badge badge-default">LED Campaign Creation.Login and select Apollo Digital Signage app.stepDefinitions.LedCampaignsteps.assertAllSoftly()</span>
</div>
</td>
</tr>
<tr class="tag-test-status" status="fail">
<td><span class="badge log fail-bg">Fail</span></td>
<td>17:59:12 PM</td>
<td>
<a href="#" class="linked" test-id='1' id='49'>stepDefinitions.LedCampaignsteps.assertAllSoftly()</a>
<div class="">
<span class="badge badge-default">LED Campaign Creation.Navigate to the LED Campaign page.stepDefinitions.LedCampaignsteps.assertAllSoftly()</span>
</div>
</td>
</tr>
<tr class="tag-test-status" status="fail">
<td><span class="badge log fail-bg">Fail</span></td>
<td>17:59:22 PM</td>
<td>
<a href="#" class="linked" test-id='1' id='60'>Then each campaign run should be successful</a>
<div class="">
<span class="badge badge-default">LED Campaign Creation.Create campaigns from Excel and verify count.Then each campaign run should be successful</span>
</div>
</td>
</tr>
</tbody>
</table>
</div>
</li>
<li class="test-item">
<div class="test-detail">
<span class="meta">
<span class='badge log badge-danger'>2</span>
</span>
<p class="name">org.openqa.selenium.TimeoutException</p>
<p class="duration text-sm">2 tests</p>
</div>
<div class="test-contents d-none">
<div class="info">
<h4>org.openqa.selenium.TimeoutException</h4>
<span status="fail" class='badge log badge-danger'>2 failed</span>
</div>
<table class='table table-sm mt-4'>
<thead>
<tr>
<th class="status-col">Status</th>
<th class="timestamp-col">Timestamp</th>
<th>TestName</th>
</tr>
</thead>
<tbody>
<tr class="tag-test-status" status="fail">
<td><span class="badge log fail-bg">Fail</span></td>
<td>17:55:56 PM</td>
<td>
<a href="#" class="linked" test-id='1' id='23'>When I select the Apollo Digital Signage app</a>
<div class="">
<span class="badge badge-default">LED Campaign Creation.Navigate to the LED Campaign page.When I select the Apollo Digital Signage app</span>
</div>
</td>
</tr>
<tr class="tag-test-status" status="fail">
<td><span class="badge log fail-bg">Fail</span></td>
<td>17:58:07 PM</td>
<td>
<a href="#" class="linked" test-id='1' id='38'>When I select the Apollo Digital Signage app</a>
<div class="">
<span class="badge badge-default">LED Campaign Creation.Login and select Apollo Digital Signage app.When I select the Apollo Digital Signage app</span>
</div>
</td>
</tr>
</tbody>
</table>
</div>
</li>
</ul>
</div>
</div>
<div class="test-content scrollable">
<div class="test-content-detail">
<div class="detail-body"></div>
</div>
</div>
</div><div class="test-wrapper row view category-view attributes-view">
<div class="test-list">
<div class="test-list-tools">
<ul class="tools pull-left"><li><a href=""><span class="font-size-14">Category</span></a></li></ul>
<ul class="tools text-right"><li><a href="#"><span class="badge badge-primary">2</span></a></li></ul>
</div>
<div class="test-list-wrapper scrollable">
<ul class="test-list-item">
<li class="test-item">
<div class="test-detail">
<span class="meta">
<span class='badge log badge-danger'>4</span>
</span>
<p class="name">@smoke</p>
<p class="duration text-sm">4 tests</p>
</div>
<div class="test-contents d-none">
<div class="info">
<h4>@smoke</h4>
<span status="fail" class='badge log badge-danger'>4 failed</span>
</div>
<table class='table table-sm mt-4'>
<thead>
<tr>
<th class="status-col">Status</th>
<th class="timestamp-col">Timestamp</th>
<th>TestName</th>
</tr>
</thead>
<tbody>
<tr class="tag-test-status" status="fail">
<td><span class="badge log fail-bg">Fail</span></td>
<td>17:54:19 PM</td>
<td>
<a href="#" class="linked" test-id='1' id='2'>Select Apollo Digital Signage app</a>
<div class="">
<span class="badge badge-default">LED Campaign Creation.Select Apollo Digital Signage app</span>
</div>
</td>
</tr>
<tr class="tag-test-status" status="fail">
<td><span class="badge log fail-bg">Fail</span></td>
<td>17:54:51 PM</td>
<td>
<a href="#" class="linked" test-id='1' id='15'>Navigate to the LED Campaign page</a>
<div class="">
<span class="badge badge-default">LED Campaign Creation.Navigate to the LED Campaign page</span>
</div>
</td>
</tr>
<tr class="tag-test-status" status="fail">
<td><span class="badge log fail-bg">Fail</span></td>
<td>17:57:01 PM</td>
<td>
<a href="#" class="linked" test-id='1' id='30'>Login and select Apollo Digital Signage app</a>
<div class="">
<span class="badge badge-default">LED Campaign Creation.Login and select Apollo Digital Signage app</span>
</div>
</td>
</tr>
<tr class="tag-test-status" status="fail">
<td><span class="badge log fail-bg">Fail</span></td>
<td>17:59:12 PM</td>
<td>
<a href="#" class="linked" test-id='1' id='43'>Navigate to the LED Campaign page</a>
<div class="">
<span class="badge badge-default">LED Campaign Creation.Navigate to the LED Campaign page</span>
</div>
</td>
</tr>
</tbody>
</table>
</div>
</li>
<li class="test-item">
<div class="test-detail">
<span class="meta">
<span class='badge log badge-danger'>3</span>
</span>
<p class="name">@regression</p>
<p class="duration text-sm">3 tests</p>
</div>
<div class="test-contents d-none">
<div class="info">
<h4>@regression</h4>
<span status="fail" class='badge log badge-danger'>3 failed</span>
</div>
<table class='table table-sm mt-4'>
<thead>
<tr>
<th class="status-col">Status</th>
<th class="timestamp-col">Timestamp</th>
<th>TestName</th>
</tr>
</thead>
<tbody>
<tr class="tag-test-status" status="fail">
<td><span class="badge log fail-bg">Fail</span></td>
<td>17:54:19 PM</td>
<td>
<a href="#" class="linked" test-id='1' id='2'>Select Apollo Digital Signage app</a>
<div class="">
<span class="badge badge-default">LED Campaign Creation.Select Apollo Digital Signage app</span>
</div>
</td>
</tr>
<tr class="tag-test-status" status="fail">
<td><span class="badge log fail-bg">Fail</span></td>
<td>17:57:01 PM</td>
<td>
<a href="#" class="linked" test-id='1' id='30'>Login and select Apollo Digital Signage app</a>
<div class="">
<span class="badge badge-default">LED Campaign Creation.Login and select Apollo Digital Signage app</span>
</div>
</td>
</tr>
<tr class="tag-test-status" status="fail">
<td><span class="badge log fail-bg">Fail</span></td>
<td>17:59:12 PM</td>
<td>
<a href="#" class="linked" test-id='1' id='50'>Create campaigns from Excel and verify count</a>
<div class="">
<span class="badge badge-default">LED Campaign Creation.Create campaigns from Excel and verify count</span>
</div>
</td>
</tr>
</tbody>
</table>
</div>
</li>
</ul>
</div>
</div>
<div class="test-content scrollable">
<div class="test-content-detail">
<div class="detail-body"></div>
</div>
</div>
</div><div class="container-fluid p-4 view dashboard-view">
<div class="row">
<div class="col-md-3">
<div class="card"><div class="card-body">
<p class="m-b-0">Started</p>
<h3>Aug 22, 2025 05:54:08 PM</h3>
</div></div>
</div>
<div class="col-md-3">
<div class="card"><div class="card-body">
<p class="m-b-0">Ended</p>
<h3>Aug 22, 2025 05:59:23 PM</h3>
</div></div>
</div>
<div class="col-md-3">
<div class="card"><div class="card-body">
<p class="m-b-0 text-pass">Features Passed</p>
<h3>0</h3>
</div></div>
</div>
<div class="col-md-3">
<div class="card"><div class="card-body">
<p class="m-b-0 text-fail">Features Failed</p>
<h3>1</h3>
</div></div>
</div>
</div>
<div class="row">
<div class="col-md-4">
<div class="card">
<div class="card-header">
<h6 class="card-title">Features</h6>
</div>
<div class="card-body">
<div class="">
<canvas id='parent-analysis' width='115' height='90'></canvas>
</div>
</div>
<div class="card-footer">
<div><small data-tooltip='0%'>
<b>0</b> features passed
</small>
</div>
<div>
<small data-tooltip='100%'><b>1</b> features failed,
<b>0</b> skipped, <b data-tooltip='0%'>0</b> others
</small>
</div>
</div>
</div>
</div>
<div class="col-md-4">
<div class="card">
<div class="card-header">
<h6 class="card-title">Scenarios</h6>
</div>
<div class="card-body">
<div class="">
<canvas id='child-analysis' width='115' height='90'></canvas>
</div>
</div>
<div class="card-footer">
<div><small data-tooltip='0%'><b>0</b> scenarios passed</small></div>
<div>
<small data-tooltip='100%'><b>5</b> scenarios failed,
<b>0</b> skipped, <b data-tooltip='%'>0</b> others
</small>
</div>
</div>
</div>
</div>
<div class="col-md-4">
<div class="card">
<div class="card-header">
<h6 class="card-title">Steps</h6>
</div>
<div class="card-body">
<div class="">
<canvas id='grandchild-analysis' width='115' height='90'></canvas>
</div>
</div>
<div class="card-footer">
<div><small data-tooltip='64%'><b>20</b> steps passed</small></div>
<div>
<small data-tooltip='22%'><b>7</b> steps failed,
<b>4</b> skipped, <b data-tooltip='%'>0</b> others
</small>
</div>
</div>
</div>
</div>
</div>
<div class="row"><div class="col-md-12">
<div class="card"><div class="card-header"><p>Timeline</p></div>
<div class="card-body pt-0"><div>
<canvas id="timeline" height="120"></canvas>
</div></div>
</div>
</div></div>
<script>
var timeline = {
"LED Campaign Creation":303.241
};
</script>
<div class="row">
<div class="col-lg-6 col-md-12 category-container">
<div class="card">
<div class="card-header"><p>Tags</p></div>
<div class="card-body pb-0 pt-0"><table class="table table-sm table-bordered">
<thead><tr class="bg-gray"><th>Name</th><th>Passed</th><th>Failed</th><th>Skipped</th><th>Others</th><th>Passed %</th></tr></thead><tbody>
<tr>
<td>@smoke</td>
<td>0</td>
<td>4</td>
<td>0</td>
<td>0</td>
<td>0%</td>
</tr>
<tr>
<td>@regression</td>
<td>0</td>
<td>3</td>
<td>0</td>
<td>0</td>
<td>0%</td>
</tr>
</tbody>
</table></div>
</div>
</div>
</div>
</div>
<script>
var statusGroup = {
parentCount: 5,
passParent: 0,
failParent: 1,
warningParent: 0,
skipParent: 0,
childCount: 5,
passChild: 0,
failChild: 5,
warningChild: 0,
skipChild: 0,
infoChild: 0,
grandChildCount: 5,
passGrandChild: 20,
failGrandChild: 7,
warningGrandChild: 0,
skipGrandChild: 4,
infoGrandChild: 0,
eventsCount: 5,
};
</script>        </div>
      </div>
    </div>
  </div>
<script src="https://cdn.jsdelivr.net/gh/extent-framework/extent-github-cdn@d6562a79075e061305ccfdb82f01e5e195e2d307/spark/js/spark-script.js"></script>
<script type="text/javascript"></script></body>
</html>